# JRE version: Java(TM) SE Runtime Environment (8.0_05-b13) (build 1.8.0_05-b13)
# Java VM: Java HotSpot(TM) 64-Bit Server VM (25.5-b02 mixed mode windows-amd64 compressed oops)
Heap:
 def new generation   total 131008K, used 115838K [0x00000000a2400000, 0x00000000ab220000, 0x00000000c1800000)
  eden space 116480K,  95% used [0x00000000a2400000, 0x00000000a9076d98, 0x00000000a95c0000)
  from space 14528K,  32% used [0x00000000aa3f0000, 0x00000000aa898b68, 0x00000000ab220000)
  to   space 14528K,   0% used [0x00000000a95c0000, 0x00000000a95c0000, 0x00000000aa3f0000)
 tenured generation   total 290912K, used 188659K [0x00000000c1800000, 0x00000000d3418000, 0x0000000100000000)
   the space 290912K,  64% used [0x00000000c1800000, 0x00000000cd03ce18, 0x00000000cd03d000, 0x00000000d3418000)
 Metaspace       used 54715K, capacity 56094K, committed 56136K, reserved 1097728K
  class space    used 7280K, capacity 7551K, committed 7552K, reserved 1048576K
GC Heap History (10 events):
Event: 1524.858 GC heap before
{Heap before GC invocations=597 (full 10):
 def new generation   total 119296K, used 114028K [0x00000000a2400000, 0x00000000aa570000, 0x00000000c1800000)
  eden space 106048K, 100% used [0x00000000a2400000, 0x00000000a8b90000, 0x00000000a8b90000)
  from space 13248K,  60% used [0x00000000a9880000, 0x00000000aa04b3f8, 0x00000000aa570000)
  to   space 13248K,   0% used [0x00000000a8b90000, 0x00000000a8b90000, 0x00000000a9880000)
 tenured generation   total 265056K, used 262196K [0x00000000c1800000, 0x00000000d1ad8000, 0x0000000100000000)
   the space 265056K,  98% used [0x00000000c1800000, 0x00000000d180d078, 0x00000000d180d200, 0x00000000d1ad8000)
 Metaspace       used 54713K, capacity 56094K, committed 56136K, reserved 1097728K
  class space    used 7280K, capacity 7551K, committed 7552K, reserved 1048576K
Event: 1524.876 GC heap after
Heap after GC invocations=598 (full 10):
 def new generation   total 119296K, used 8862K [0x00000000a2400000, 0x00000000aa570000, 0x00000000c1800000)
  eden space 106048K,   0% used [0x00000000a2400000, 0x00000000a2400000, 0x00000000a8b90000)
  from space 13248K,  66% used [0x00000000a8b90000, 0x00000000a9437950, 0x00000000a9880000)
  to   space 13248K,   0% used [0x00000000a9880000, 0x00000000a9880000, 0x00000000aa570000)
 tenured generation   total 265056K, used 264023K [0x00000000c1800000, 0x00000000d1ad8000, 0x0000000100000000)
   the space 265056K,  99% used [0x00000000c1800000, 0x00000000d19d5f00, 0x00000000d19d6000, 0x00000000d1ad8000)
 Metaspace       used 54713K, capacity 56094K, committed 56136K, reserved 1097728K
  class space    used 7280K, capacity 7551K, committed 7552K, reserved 1048576K
}
Event: 1525.148 GC heap before
{Heap before GC invocations=598 (full 10):
 def new generation   total 119296K, used 114910K [0x00000000a2400000, 0x00000000aa570000, 0x00000000c1800000)
  eden space 106048K, 100% used [0x00000000a2400000, 0x00000000a8b90000, 0x00000000a8b90000)
  from space 13248K,  66% used [0x00000000a8b90000, 0x00000000a9437950, 0x00000000a9880000)
  to   space 13248K,   0% used [0x00000000a9880000, 0x00000000a9880000, 0x00000000aa570000)
 tenured generation   total 265056K, used 264023K [0x00000000c1800000, 0x00000000d1ad8000, 0x0000000100000000)
   the space 265056K,  99% used [0x00000000c1800000, 0x00000000d19d5f00, 0x00000000d19d6000, 0x00000000d1ad8000)
 Metaspace       used 54713K, capacity 56094K, committed 56136K, reserved 1097728K
  class space    used 7280K, capacity 7551K, committed 7552K, reserved 1048576K
Event: 1525.534 GC heap after
Heap after GC invocations=599 (full 11):
 def new generation   total 131008K, used 0K [0x00000000a2400000, 0x00000000ab220000, 0x00000000c1800000)
  eden space 116480K,   0% used [0x00000000a2400000, 0x00000000a2400000, 0x00000000a95c0000)
  from space 14528K,   0% used [0x00000000a95c0000, 0x00000000a95c0000, 0x00000000aa3f0000)
  to   space 14528K,   0% used [0x00000000aa3f0000, 0x00000000aa3f0000, 0x00000000ab220000)
 tenured generation   total 290912K, used 174545K [0x00000000c1800000, 0x00000000d3418000, 0x0000000100000000)
   the space 290912K,  59% used [0x00000000c1800000, 0x00000000cc2744e8, 0x00000000cc274600, 0x00000000d3418000)
 Metaspace       used 54713K, capacity 56094K, committed 56136K, reserved 1097728K
  class space    used 7280K, capacity 7551K, committed 7552K, reserved 1048576K
}
Event: 1526.514 GC heap before
{Heap before GC invocations=599 (full 11):
 def new generation   total 131008K, used 116480K [0x00000000a2400000, 0x00000000ab220000, 0x00000000c1800000)
  eden space 116480K, 100% used [0x00000000a2400000, 0x00000000a95c0000, 0x00000000a95c0000)
  from space 14528K,   0% used [0x00000000a95c0000, 0x00000000a95c0000, 0x00000000aa3f0000)
  to   space 14528K,   0% used [0x00000000aa3f0000, 0x00000000aa3f0000, 0x00000000ab220000)
 tenured generation   total 290912K, used 174545K [0x00000000c1800000, 0x00000000d3418000, 0x0000000100000000)
   the space 290912K,  59% used [0x00000000c1800000, 0x00000000cc2744e8, 0x00000000cc274600, 0x00000000d3418000)
 Metaspace       used 54713K, capacity 56094K, committed 56136K, reserved 1097728K
  class space    used 7280K, capacity 7551K, committed 7552K, reserved 1048576K
Event: 1526.521 GC heap after
Heap after GC invocations=600 (full 11):
 def new generation   total 131008K, used 2698K [0x00000000a2400000, 0x00000000ab220000, 0x00000000c1800000)
  eden space 116480K,   0% used [0x00000000a2400000, 0x00000000a2400000, 0x00000000a95c0000)
  from space 14528K,  18% used [0x00000000aa3f0000, 0x00000000aa692880, 0x00000000ab220000)
  to   space 14528K,   0% used [0x00000000a95c0000, 0x00000000a95c0000, 0x00000000aa3f0000)
 tenured generation   total 290912K, used 174545K [0x00000000c1800000, 0x00000000d3418000, 0x0000000100000000)
   the space 290912K,  59% used [0x00000000c1800000, 0x00000000cc2744e8, 0x00000000cc274600, 0x00000000d3418000)
 Metaspace       used 54713K, capacity 56094K, committed 56136K, reserved 1097728K
  class space    used 7280K, capacity 7551K, committed 7552K, reserved 1048576K
}
Event: 1526.816 GC heap before
{Heap before GC invocations=600 (full 11):
 def new generation   total 131008K, used 119178K [0x00000000a2400000, 0x00000000ab220000, 0x00000000c1800000)
  eden space 116480K, 100% used [0x00000000a2400000, 0x00000000a95c0000, 0x00000000a95c0000)
  from space 14528K,  18% used [0x00000000aa3f0000, 0x00000000aa692880, 0x00000000ab220000)
  to   space 14528K,   0% used [0x00000000a95c0000, 0x00000000a95c0000, 0x00000000aa3f0000)
 tenured generation   total 290912K, used 174545K [0x00000000c1800000, 0x00000000d3418000, 0x0000000100000000)
   the space 290912K,  59% used [0x00000000c1800000, 0x00000000cc2744e8, 0x00000000cc274600, 0x00000000d3418000)
 Metaspace       used 54713K, capacity 56094K, committed 56136K, reserved 1097728K
  class space    used 7280K, capacity 7551K, committed 7552K, reserved 1048576K
Event: 1526.830 GC heap after
Heap after GC invocations=601 (full 11):
 def new generation   total 131008K, used 5059K [0x00000000a2400000, 0x00000000ab220000, 0x00000000c1800000)
  eden space 116480K,   0% used [0x00000000a2400000, 0x00000000a2400000, 0x00000000a95c0000)
  from space 14528K,  34% used [0x00000000a95c0000, 0x00000000a9ab0fe8, 0x00000000aa3f0000)
  to   space 14528K,   0% used [0x00000000aa3f0000, 0x00000000aa3f0000, 0x00000000ab220000)
 tenured generation   total 290912K, used 174545K [0x00000000c1800000, 0x00000000d3418000, 0x0000000100000000)
   the space 290912K,  59% used [0x00000000c1800000, 0x00000000cc2744e8, 0x00000000cc274600, 0x00000000d3418000)
 Metaspace       used 54713K, capacity 56094K, committed 56136K, reserved 1097728K
  class space    used 7280K, capacity 7551K, committed 7552K, reserved 1048576K
}
Event: 1526.998 GC heap before
{Heap before GC invocations=601 (full 11):
 def new generation   total 131008K, used 121539K [0x00000000a2400000, 0x00000000ab220000, 0x00000000c1800000)
  eden space 116480K, 100% used [0x00000000a2400000, 0x00000000a95c0000, 0x00000000a95c0000)
  from space 14528K,  34% used [0x00000000a95c0000, 0x00000000a9ab0fe8, 0x00000000aa3f0000)
  to   space 14528K,   0% used [0x00000000aa3f0000, 0x00000000aa3f0000, 0x00000000ab220000)
 tenured generation   total 290912K, used 174545K [0x00000000c1800000, 0x00000000d3418000, 0x0000000100000000)
   the space 290912K,  59% used [0x00000000c1800000, 0x00000000cc2744e8, 0x00000000cc274600, 0x00000000d3418000)
 Metaspace       used 54713K, capacity 56094K, committed 56136K, reserved 1097728K
  class space    used 7280K, capacity 7551K, committed 7552K, reserved 1048576K
Event: 1527.012 GC heap after
Heap after GC invocations=602 (full 11):
 def new generation   total 131008K, used 7117K [0x00000000a2400000, 0x00000000ab220000, 0x00000000c1800000)
  eden space 116480K,   0% used [0x00000000a2400000, 0x00000000a2400000, 0x00000000a95c0000)
  from space 14528K,  48% used [0x00000000aa3f0000, 0x00000000aaae3738, 0x00000000ab220000)
  to   space 14528K,   0% used [0x00000000a95c0000, 0x00000000a95c0000, 0x00000000aa3f0000)
 tenured generation   total 290912K, used 174545K [0x00000000c1800000, 0x00000000d3418000, 0x0000000100000000)
   the space 290912K,  59% used [0x00000000c1800000, 0x00000000cc2744e8, 0x00000000cc274600, 0x00000000d3418000)
 Metaspace       used 54713K, capacity 56094K, committed 56136K, reserved 1097728K
  class space    used 7280K, capacity 7551K, committed 7552K, reserved 1048576K
}

